# JRE version: OpenJDK Runtime Environment (8.0_242-b01) (build 1.8.0_242-release-1644-b01)
# Java VM: OpenJDK 64-Bit Server VM (25.242-b01 mixed mode windows-amd64 compressed oops)
Heap:
 PSYoungGen      total 317952K, used 108041K [0x00000000d5580000, 0x00000000eba80000, 0x0000000100000000)
  eden space 287232K, 28% used [0x00000000d5580000,0x00000000da64c7b8,0x00000000e6e00000)
  from space 30720K, 83% used [0x00000000e8e80000,0x00000000ea7722f8,0x00000000eac80000)
  to   space 33280K, 0% used [0x00000000e6e00000,0x00000000e6e00000,0x00000000e8e80000)
 ParOldGen       total 202752K, used 54876K [0x0000000080000000, 0x000000008c600000, 0x00000000d5580000)
  object space 202752K, 27% used [0x0000000080000000,0x0000000083597320,0x000000008c600000)
 Metaspace       used 100683K, capacity 106234K, committed 106572K, reserved 1140736K
  class space    used 13181K, capacity 14333K, committed 14464K, reserved 1048576K
GC Heap History (10 events):
Event: 105.580 GC heap before
{Heap before GC invocations=20 (full 3):
 PSYoungGen      total 266752K, used 262309K [0x00000000d5580000, 0x00000000e7300000, 0x0000000100000000)
  eden space 244224K, 100% used [0x00000000d5580000,0x00000000e4400000,0x00000000e4400000)
  from space 22528K, 80% used [0x00000000e5c00000,0x00000000e6da9778,0x00000000e7200000)
  to   space 24064K, 0% used [0x00000000e4400000,0x00000000e4400000,0x00000000e5b80000)
 ParOldGen       total 131584K, used 45600K [0x0000000080000000, 0x0000000088080000, 0x00000000d5580000)
  object space 131584K, 34% used [0x0000000080000000,0x0000000082c880f8,0x0000000088080000)
 Metaspace       used 90689K, capacity 95888K, committed 96088K, reserved 1132544K
  class space    used 12115K, capacity 13120K, committed 13184K, reserved 1048576K
Event: 105.615 GC heap after
Heap after GC invocations=20 (full 3):
 PSYoungGen      total 268288K, used 24061K [0x00000000d5580000, 0x00000000e9700000, 0x0000000100000000)
  eden space 244224K, 0% used [0x00000000d5580000,0x00000000d5580000,0x00000000e4400000)
  from space 24064K, 99% used [0x00000000e4400000,0x00000000e5b7f590,0x00000000e5b80000)
  to   space 29184K, 0% used [0x00000000e7a80000,0x00000000e7a80000,0x00000000e9700000)
 ParOldGen       total 131584K, used 50917K [0x0000000080000000, 0x0000000088080000, 0x00000000d5580000)
  object space 131584K, 38% used [0x0000000080000000,0x00000000831b9600,0x0000000088080000)
 Metaspace       used 90689K, capacity 95888K, committed 96088K, reserved 1132544K
  class space    used 12115K, capacity 13120K, committed 13184K, reserved 1048576K
}
Event: 215.149 GC heap before
{Heap before GC invocations=21 (full 3):
 PSYoungGen      total 268288K, used 237375K [0x00000000d5580000, 0x00000000e9700000, 0x0000000100000000)
  eden space 244224K, 87% used [0x00000000d5580000,0x00000000e25d09a8,0x00000000e4400000)
  from space 24064K, 99% used [0x00000000e4400000,0x00000000e5b7f590,0x00000000e5b80000)
  to   space 29184K, 0% used [0x00000000e7a80000,0x00000000e7a80000,0x00000000e9700000)
 ParOldGen       total 131584K, used 50917K [0x0000000080000000, 0x0000000088080000, 0x00000000d5580000)
  object space 131584K, 38% used [0x0000000080000000,0x00000000831b9600,0x0000000088080000)
 Metaspace       used 92499K, capacity 98318K, committed 98380K, reserved 1134592K
  class space    used 12260K, capacity 13440K, committed 13440K, reserved 1048576K
Event: 215.188 GC heap after
Heap after GC invocations=21 (full 3):
 PSYoungGen      total 289792K, used 14806K [0x00000000d5580000, 0x00000000e9180000, 0x0000000100000000)
  eden space 266240K, 0% used [0x00000000d5580000,0x00000000d5580000,0x00000000e5980000)
  from space 23552K, 62% used [0x00000000e7a80000,0x00000000e88f5868,0x00000000e9180000)
  to   space 28672K, 0% used [0x00000000e5980000,0x00000000e5980000,0x00000000e7580000)
 ParOldGen       total 131584K, used 72539K [0x0000000080000000, 0x0000000088080000, 0x00000000d5580000)
  object space 131584K, 55% used [0x0000000080000000,0x00000000846d6fd0,0x0000000088080000)
 Metaspace       used 92499K, capacity 98318K, committed 98380K, reserved 1134592K
  class space    used 12260K, capacity 13440K, committed 13440K, reserved 1048576K
}
Event: 215.188 GC heap before
{Heap before GC invocations=22 (full 4):
 PSYoungGen      total 289792K, used 14806K [0x00000000d5580000, 0x00000000e9180000, 0x0000000100000000)
  eden space 266240K, 0% used [0x00000000d5580000,0x00000000d5580000,0x00000000e5980000)
  from space 23552K, 62% used [0x00000000e7a80000,0x00000000e88f5868,0x00000000e9180000)
  to   space 28672K, 0% used [0x00000000e5980000,0x00000000e5980000,0x00000000e7580000)
 ParOldGen       total 131584K, used 72539K [0x0000000080000000, 0x0000000088080000, 0x00000000d5580000)
  object space 131584K, 55% used [0x0000000080000000,0x00000000846d6fd0,0x0000000088080000)
 Metaspace       used 92499K, capacity 98318K, committed 98380K, reserved 1134592K
  class space    used 12260K, capacity 13440K, committed 13440K, reserved 1048576K
Event: 215.380 GC heap after
Heap after GC invocations=22 (full 4):
 PSYoungGen      total 289792K, used 0K [0x00000000d5580000, 0x00000000e9180000, 0x0000000100000000)
  eden space 266240K, 0% used [0x00000000d5580000,0x00000000d5580000,0x00000000e5980000)
  from space 23552K, 0% used [0x00000000e7a80000,0x00000000e7a80000,0x00000000e9180000)
  to   space 28672K, 0% used [0x00000000e5980000,0x00000000e5980000,0x00000000e7580000)
 ParOldGen       total 202752K, used 54860K [0x0000000080000000, 0x000000008c600000, 0x00000000d5580000)
  object space 202752K, 27% used [0x0000000080000000,0x0000000083593320,0x000000008c600000)
 Metaspace       used 91886K, capacity 96460K, committed 98380K, reserved 1134592K
  class space    used 12066K, capacity 13007K, committed 13440K, reserved 1048576K
}
Event: 300.067 GC heap before
{Heap before GC invocations=23 (full 4):
 PSYoungGen      total 289792K, used 266240K [0x00000000d5580000, 0x00000000e9180000, 0x0000000100000000)
  eden space 266240K, 100% used [0x00000000d5580000,0x00000000e5980000,0x00000000e5980000)
  from space 23552K, 0% used [0x00000000e7a80000,0x00000000e7a80000,0x00000000e9180000)
  to   space 28672K, 0% used [0x00000000e5980000,0x00000000e5980000,0x00000000e7580000)
 ParOldGen       total 202752K, used 54860K [0x0000000080000000, 0x000000008c600000, 0x00000000d5580000)
  object space 202752K, 27% used [0x0000000080000000,0x0000000083593320,0x000000008c600000)
 Metaspace       used 94540K, capacity 99670K, committed 100428K, reserved 1136640K
  class space    used 12439K, capacity 13515K, committed 13696K, reserved 1048576K
Event: 300.089 GC heap after
Heap after GC invocations=23 (full 4):
 PSYoungGen      total 294912K, used 23044K [0x00000000d5580000, 0x00000000eac80000, 0x0000000100000000)
  eden space 266240K, 0% used [0x00000000d5580000,0x00000000d5580000,0x00000000e5980000)
  from space 28672K, 80% used [0x00000000e5980000,0x00000000e7001028,0x00000000e7580000)
  to   space 30720K, 0% used [0x00000000e8e80000,0x00000000e8e80000,0x00000000eac80000)
 ParOldGen       total 202752K, used 54868K [0x0000000080000000, 0x000000008c600000, 0x00000000d5580000)
  object space 202752K, 27% used [0x0000000080000000,0x0000000083595320,0x000000008c600000)
 Metaspace       used 94540K, capacity 99670K, committed 100428K, reserved 1136640K
  class space    used 12439K, capacity 13515K, committed 13696K, reserved 1048576K
}
Event: 306.614 GC heap before
{Heap before GC invocations=24 (full 4):
 PSYoungGen      total 294912K, used 289284K [0x00000000d5580000, 0x00000000eac80000, 0x0000000100000000)
  eden space 266240K, 100% used [0x00000000d5580000,0x00000000e5980000,0x00000000e5980000)
  from space 28672K, 80% used [0x00000000e5980000,0x00000000e7001028,0x00000000e7580000)
  to   space 30720K, 0% used [0x00000000e8e80000,0x00000000e8e80000,0x00000000eac80000)
 ParOldGen       total 202752K, used 54868K [0x0000000080000000, 0x000000008c600000, 0x00000000d5580000)
  object space 202752K, 27% used [0x0000000080000000,0x0000000083595320,0x000000008c600000)
 Metaspace       used 98861K, capacity 104196K, committed 104652K, reserved 1140736K
  class space    used 12935K, capacity 14004K, committed 14080K, reserved 1048576K
Event: 306.732 GC heap after
Heap after GC invocations=24 (full 4):
 PSYoungGen      total 317952K, used 25544K [0x00000000d5580000, 0x00000000eba80000, 0x0000000100000000)
  eden space 287232K, 0% used [0x00000000d5580000,0x00000000d5580000,0x00000000e6e00000)
  from space 30720K, 83% used [0x00000000e8e80000,0x00000000ea7722f8,0x00000000eac80000)
  to   space 33280K, 0% used [0x00000000e6e00000,0x00000000e6e00000,0x00000000e8e80000)
 ParOldGen       total 202752K, used 54876K [0x0000000080000000, 0x000000008c600000, 0x00000000d5580000)
  object space 202752K, 27% used [0x0000000080000000,0x0000000083597320,0x000000008c600000)
 Metaspace       used 98861K, capacity 104196K, committed 104652K, reserved 1140736K
  class space    used 12935K, capacity 14004K, committed 14080K, reserved 1048576K
}

