# JRE version: OpenJDK Runtime Environment (11.0.8+10) (build 11.0.8+10-b944.6842174)
# Java VM: OpenJDK 64-Bit Server VM (11.0.8+10-b944.6842174, mixed mode, tiered, compressed oops, g1 gc, windows-amd64)
Heap:
 garbage-first heap   total 155648K, used 108723K [0x0000000080000000, 0x0000000100000000)
  region size 1024K, 22 young (22528K), 2 survivors (2048K)
 Metaspace       used 90757K, capacity 92964K, committed 93132K, reserved 1130496K
  class space    used 11686K, capacity 12456K, committed 12492K, reserved 1048576K
GC Heap History (20 events):
Event: 22.883 GC heap before
{Heap before GC invocations=22 (full 0):
 garbage-first heap   total 129024K, used 106015K [0x0000000080000000, 0x0000000100000000)
  region size 1024K, 43 young (44032K), 5 survivors (5120K)
 Metaspace       used 80245K, capacity 82241K, committed 82380K, reserved 1120256K
  class space    used 10373K, capacity 11078K, committed 11212K, reserved 1048576K
}
Event: 22.893 GC heap after
{Heap after GC invocations=23 (full 0):
 garbage-first heap   total 129024K, used 70225K [0x0000000080000000, 0x0000000100000000)
  region size 1024K, 5 young (5120K), 5 survivors (5120K)
 Metaspace       used 80245K, capacity 82241K, committed 82380K, reserved 1120256K
  class space    used 10373K, capacity 11078K, committed 11212K, reserved 1048576K
}
Event: 23.377 GC heap before
{Heap before GC invocations=24 (full 0):
 garbage-first heap   total 129024K, used 107089K [0x0000000080000000, 0x0000000100000000)
  region size 1024K, 42 young (43008K), 5 survivors (5120K)
 Metaspace       used 81044K, capacity 82960K, committed 83276K, reserved 1122304K
  class space    used 10446K, capacity 11154K, committed 11340K, reserved 1048576K
}
Event: 23.385 GC heap after
{Heap after GC invocations=25 (full 0):
 garbage-first heap   total 129024K, used 72183K [0x0000000080000000, 0x0000000100000000)
  region size 1024K, 5 young (5120K), 5 survivors (5120K)
 Metaspace       used 81044K, capacity 82960K, committed 83276K, reserved 1122304K
  class space    used 10446K, capacity 11154K, committed 11340K, reserved 1048576K
}
Event: 23.631 GC heap before
{Heap before GC invocations=25 (full 0):
 garbage-first heap   total 129024K, used 105975K [0x0000000080000000, 0x0000000100000000)
  region size 1024K, 39 young (39936K), 5 survivors (5120K)
 Metaspace       used 81663K, capacity 83538K, committed 83788K, reserved 1122304K
  class space    used 10534K, capacity 11218K, committed 11340K, reserved 1048576K
}
Event: 23.638 GC heap after
{Heap after GC invocations=26 (full 0):
 garbage-first heap   total 129024K, used 73602K [0x0000000080000000, 0x0000000100000000)
  region size 1024K, 4 young (4096K), 4 survivors (4096K)
 Metaspace       used 81663K, capacity 83538K, committed 83788K, reserved 1122304K
  class space    used 10534K, capacity 11218K, committed 11340K, reserved 1048576K
}
Event: 23.986 GC heap before
{Heap before GC invocations=27 (full 0):
 garbage-first heap   total 129024K, used 107394K [0x0000000080000000, 0x0000000100000000)
  region size 1024K, 38 young (38912K), 4 survivors (4096K)
 Metaspace       used 82834K, capacity 84786K, committed 85196K, reserved 1122304K
  class space    used 10691K, capacity 11378K, committed 11468K, reserved 1048576K
}
Event: 23.993 GC heap after
{Heap after GC invocations=28 (full 0):
 garbage-first heap   total 129024K, used 74967K [0x0000000080000000, 0x0000000100000000)
  region size 1024K, 3 young (3072K), 3 survivors (3072K)
 Metaspace       used 82834K, capacity 84786K, committed 85196K, reserved 1122304K
  class space    used 10691K, capacity 11378K, committed 11468K, reserved 1048576K
}
Event: 24.254 GC heap before
{Heap before GC invocations=28 (full 0):
 garbage-first heap   total 129024K, used 108759K [0x0000000080000000, 0x0000000100000000)
  region size 1024K, 37 young (37888K), 3 survivors (3072K)
 Metaspace       used 83655K, capacity 85660K, committed 86092K, reserved 1124352K
  class space    used 10791K, capacity 11477K, committed 11596K, reserved 1048576K
}
Event: 24.262 GC heap after
{Heap after GC invocations=29 (full 0):
 garbage-first heap   total 129024K, used 76114K [0x0000000080000000, 0x0000000100000000)
  region size 1024K, 4 young (4096K), 4 survivors (4096K)
 Metaspace       used 83655K, capacity 85660K, committed 86092K, reserved 1124352K
  class space    used 10791K, capacity 11477K, committed 11596K, reserved 1048576K
}
Event: 27.107 GC heap before
{Heap before GC invocations=30 (full 0):
 garbage-first heap   total 129024K, used 108882K [0x0000000080000000, 0x0000000100000000)
  region size 1024K, 37 young (37888K), 4 survivors (4096K)
 Metaspace       used 84936K, capacity 86858K, committed 87244K, reserved 1124352K
  class space    used 10922K, capacity 11602K, committed 11724K, reserved 1048576K
}
Event: 27.119 GC heap after
{Heap after GC invocations=31 (full 0):
 garbage-first heap   total 129024K, used 81625K [0x0000000080000000, 0x0000000100000000)
  region size 1024K, 5 young (5120K), 5 survivors (5120K)
 Metaspace       used 84936K, capacity 86858K, committed 87244K, reserved 1124352K
  class space    used 10922K, capacity 11602K, committed 11724K, reserved 1048576K
}
Event: 27.413 GC heap before
{Heap before GC invocations=31 (full 0):
 garbage-first heap   total 129024K, used 107225K [0x0000000080000000, 0x0000000100000000)
  region size 1024K, 31 young (31744K), 5 survivors (5120K)
 Metaspace       used 85449K, capacity 87434K, committed 87756K, reserved 1126400K
  class space    used 10963K, capacity 11666K, committed 11724K, reserved 1048576K
}
Event: 27.427 GC heap after
{Heap after GC invocations=32 (full 0):
 garbage-first heap   total 155648K, used 85857K [0x0000000080000000, 0x0000000100000000)
  region size 1024K, 4 young (4096K), 4 survivors (4096K)
 Metaspace       used 85449K, capacity 87434K, committed 87756K, reserved 1126400K
  class space    used 10963K, capacity 11666K, committed 11724K, reserved 1048576K
}
Event: 27.910 GC heap before
{Heap before GC invocations=33 (full 0):
 garbage-first heap   total 155648K, used 118625K [0x0000000080000000, 0x0000000100000000)
  region size 1024K, 37 young (37888K), 4 survivors (4096K)
 Metaspace       used 85800K, capacity 87787K, committed 88140K, reserved 1126400K
  class space    used 11008K, capacity 11741K, committed 11852K, reserved 1048576K
}
Event: 27.914 GC heap after
{Heap after GC invocations=34 (full 0):
 garbage-first heap   total 155648K, used 84857K [0x0000000080000000, 0x0000000100000000)
  region size 1024K, 1 young (1024K), 1 survivors (1024K)
 Metaspace       used 85800K, capacity 87787K, committed 88140K, reserved 1126400K
  class space    used 11008K, capacity 11741K, committed 11852K, reserved 1048576K
}
Event: 28.398 GC heap before
{Heap before GC invocations=34 (full 0):
 garbage-first heap   total 155648K, used 119673K [0x0000000080000000, 0x0000000100000000)
  region size 1024K, 36 young (36864K), 1 survivors (1024K)
 Metaspace       used 87507K, capacity 89495K, committed 89804K, reserved 1126400K
  class space    used 11211K, capacity 11905K, committed 11980K, reserved 1048576K
}
Event: 28.410 GC heap after
{Heap after GC invocations=35 (full 0):
 garbage-first heap   total 155648K, used 87518K [0x0000000080000000, 0x0000000100000000)
  region size 1024K, 4 young (4096K), 4 survivors (4096K)
 Metaspace       used 87507K, capacity 89495K, committed 89804K, reserved 1126400K
  class space    used 11211K, capacity 11905K, committed 11980K, reserved 1048576K
}
Event: 48.667 GC heap before
{Heap before GC invocations=36 (full 0):
 garbage-first heap   total 155648K, used 123358K [0x0000000080000000, 0x0000000100000000)
  region size 1024K, 39 young (39936K), 4 survivors (4096K)
 Metaspace       used 90553K, capacity 92766K, committed 92876K, reserved 1130496K
  class space    used 11669K, capacity 12454K, committed 12492K, reserved 1048576K
}
Event: 48.674 GC heap after
{Heap after GC invocations=37 (full 0):
 garbage-first heap   total 155648K, used 89267K [0x0000000080000000, 0x0000000100000000)
  region size 1024K, 2 young (2048K), 2 survivors (2048K)
 Metaspace       used 90553K, capacity 92766K, committed 92876K, reserved 1130496K
  class space    used 11669K, capacity 12454K, committed 12492K, reserved 1048576K
}

