# JRE version: OpenJDK Runtime Environment (11.0.8+10) (build 11.0.8+10-b944.6842174)
# Java VM: OpenJDK 64-Bit Server VM (11.0.8+10-b944.6842174, mixed mode, tiered, compressed oops, g1 gc, windows-amd64)
Heap:
 garbage-first heap   total 225280K, used 125292K [0x0000000080000000, 0x0000000100000000)
  region size 1024K, 24 young (24576K), 4 survivors (4096K)
 Metaspace       used 107041K, capacity 109668K, committed 111312K, reserved 1144832K
  class space    used 13764K, capacity 14762K, committed 15364K, reserved 1048576K
GC Heap History (20 events):
Event: 15.130 GC heap before
{Heap before GC invocations=18 (full 0):
 garbage-first heap   total 155648K, used 122176K [0x0000000080000000, 0x0000000100000000)
  region size 1024K, 58 young (59392K), 4 survivors (4096K)
 Metaspace       used 80112K, capacity 82096K, committed 82252K, reserved 1120256K
  class space    used 10364K, capacity 11071K, committed 11084K, reserved 1048576K
}
Event: 15.141 GC heap after
{Heap after GC invocations=19 (full 0):
 garbage-first heap   total 155648K, used 70907K [0x0000000080000000, 0x0000000100000000)
  region size 1024K, 7 young (7168K), 7 survivors (7168K)
 Metaspace       used 80112K, capacity 82096K, committed 82252K, reserved 1120256K
  class space    used 10364K, capacity 11071K, committed 11084K, reserved 1048576K
}
Event: 15.588 GC heap before
{Heap before GC invocations=19 (full 0):
 garbage-first heap   total 155648K, used 123131K [0x0000000080000000, 0x0000000100000000)
  region size 1024K, 59 young (60416K), 7 survivors (7168K)
 Metaspace       used 80741K, capacity 82713K, committed 82892K, reserved 1120256K
  class space    used 10441K, capacity 11140K, committed 11212K, reserved 1048576K
}
Event: 15.599 GC heap after
{Heap after GC invocations=20 (full 0):
 garbage-first heap   total 187392K, used 73136K [0x0000000080000000, 0x0000000100000000)
  region size 1024K, 6 young (6144K), 6 survivors (6144K)
 Metaspace       used 80741K, capacity 82713K, committed 82892K, reserved 1120256K
  class space    used 10441K, capacity 11140K, committed 11212K, reserved 1048576K
}
Event: 17.206 GC heap before
{Heap before GC invocations=20 (full 0):
 garbage-first heap   total 187392K, used 142768K [0x0000000080000000, 0x0000000100000000)
  region size 1024K, 75 young (76800K), 6 survivors (6144K)
 Metaspace       used 87133K, capacity 89130K, committed 89420K, reserved 1126400K
  class space    used 11288K, capacity 11979K, committed 12108K, reserved 1048576K
}
Event: 17.232 GC heap after
{Heap after GC invocations=21 (full 0):
 garbage-first heap   total 187392K, used 78117K [0x0000000080000000, 0x0000000100000000)
  region size 1024K, 8 young (8192K), 8 survivors (8192K)
 Metaspace       used 87133K, capacity 89130K, committed 89420K, reserved 1126400K
  class space    used 11288K, capacity 11979K, committed 12108K, reserved 1048576K
}
Event: 20.181 GC heap before
{Heap before GC invocations=21 (full 0):
 garbage-first heap   total 187392K, used 147749K [0x0000000080000000, 0x0000000100000000)
  region size 1024K, 75 young (76800K), 8 survivors (8192K)
 Metaspace       used 95167K, capacity 97398K, committed 97612K, reserved 1134592K
  class space    used 12221K, capacity 13049K, committed 13132K, reserved 1048576K
}
Event: 20.192 GC heap after
{Heap after GC invocations=22 (full 0):
 garbage-first heap   total 187392K, used 82149K [0x0000000080000000, 0x0000000100000000)
  region size 1024K, 7 young (7168K), 7 survivors (7168K)
 Metaspace       used 95167K, capacity 97398K, committed 97612K, reserved 1134592K
  class space    used 12221K, capacity 13049K, committed 13132K, reserved 1048576K
}
Event: 20.756 GC heap before
{Heap before GC invocations=22 (full 0):
 garbage-first heap   total 187392K, used 148709K [0x0000000080000000, 0x0000000100000000)
  region size 1024K, 73 young (74752K), 7 survivors (7168K)
 Metaspace       used 95951K, capacity 98144K, committed 98380K, reserved 1134592K
  class space    used 12294K, capacity 13099K, committed 13132K, reserved 1048576K
}
Event: 20.774 GC heap after
{Heap after GC invocations=23 (full 0):
 garbage-first heap   total 187392K, used 86415K [0x0000000080000000, 0x0000000100000000)
  region size 1024K, 9 young (9216K), 9 survivors (9216K)
 Metaspace       used 95951K, capacity 98144K, committed 98380K, reserved 1134592K
  class space    used 12294K, capacity 13099K, committed 13132K, reserved 1048576K
}
Event: 21.322 GC heap before
{Heap before GC invocations=23 (full 0):
 garbage-first heap   total 187392K, used 153999K [0x0000000080000000, 0x0000000100000000)
  region size 1024K, 72 young (73728K), 9 survivors (9216K)
 Metaspace       used 97535K, capacity 99839K, committed 100044K, reserved 1136640K
  class space    used 12522K, capacity 13396K, committed 13516K, reserved 1048576K
}
Event: 21.335 GC heap after
{Heap after GC invocations=24 (full 0):
 garbage-first heap   total 187392K, used 89849K [0x0000000080000000, 0x0000000100000000)
  region size 1024K, 4 young (4096K), 4 survivors (4096K)
 Metaspace       used 97535K, capacity 99839K, committed 100044K, reserved 1136640K
  class space    used 12522K, capacity 13396K, committed 13516K, reserved 1048576K
}
Event: 21.421 GC heap before
{Heap before GC invocations=24 (full 0):
 garbage-first heap   total 187392K, used 97017K [0x0000000080000000, 0x0000000100000000)
  region size 1024K, 13 young (13312K), 4 survivors (4096K)
 Metaspace       used 98332K, capacity 100725K, committed 100820K, reserved 1136640K
  class space    used 12647K, capacity 13524K, committed 13524K, reserved 1048576K
}
Event: 21.437 GC heap after
{Heap after GC invocations=25 (full 0):
 garbage-first heap   total 187392K, used 90784K [0x0000000080000000, 0x0000000100000000)
  region size 1024K, 5 young (5120K), 5 survivors (5120K)
 Metaspace       used 98332K, capacity 100725K, committed 100820K, reserved 1136640K
  class space    used 12647K, capacity 13524K, committed 13524K, reserved 1048576K
}
Event: 22.231 GC heap before
{Heap before GC invocations=26 (full 0):
 garbage-first heap   total 187392K, used 152224K [0x0000000080000000, 0x0000000100000000)
  region size 1024K, 66 young (67584K), 5 survivors (5120K)
 Metaspace       used 104777K, capacity 107678K, committed 107856K, reserved 1142784K
  class space    used 13737K, capacity 14871K, committed 14980K, reserved 1048576K
}
Event: 22.266 GC heap after
{Heap after GC invocations=27 (full 0):
 garbage-first heap   total 187392K, used 101137K [0x0000000080000000, 0x0000000100000000)
  region size 1024K, 9 young (9216K), 9 survivors (9216K)
 Metaspace       used 104777K, capacity 107678K, committed 107856K, reserved 1142784K
  class space    used 13737K, capacity 14871K, committed 14980K, reserved 1048576K
}
Event: 22.843 GC heap before
{Heap before GC invocations=28 (full 0):
 garbage-first heap   total 187392K, used 151313K [0x0000000080000000, 0x0000000100000000)
  region size 1024K, 59 young (60416K), 9 survivors (9216K)
 Metaspace       used 106861K, capacity 110020K, committed 110288K, reserved 1144832K
  class space    used 14043K, capacity 15289K, committed 15364K, reserved 1048576K
}
Event: 22.924 GC heap after
{Heap after GC invocations=29 (full 0):
 garbage-first heap   total 225280K, used 104092K [0x0000000080000000, 0x0000000100000000)
  region size 1024K, 3 young (3072K), 3 survivors (3072K)
 Metaspace       used 106861K, capacity 110020K, committed 110288K, reserved 1144832K
  class space    used 14043K, capacity 15289K, committed 15364K, reserved 1048576K
}
Event: 23.786 GC heap before
{Heap before GC invocations=29 (full 0):
 garbage-first heap   total 225280K, used 143004K [0x0000000080000000, 0x0000000100000000)
  region size 1024K, 43 young (44032K), 3 survivors (3072K)
 Metaspace       used 107770K, capacity 110894K, committed 111056K, reserved 1144832K
  class space    used 14076K, capacity 15328K, committed 15364K, reserved 1048576K
}
Event: 23.793 GC heap after
{Heap after GC invocations=30 (full 0):
 garbage-first heap   total 225280K, used 104812K [0x0000000080000000, 0x0000000100000000)
  region size 1024K, 4 young (4096K), 4 survivors (4096K)
 Metaspace       used 107770K, capacity 110894K, committed 111056K, reserved 1144832K
  class space    used 14076K, capacity 15328K, committed 15364K, reserved 1048576K
}

